<?xml version="1.0" encoding="UTF-8"?>
<!-- Generated by org.testng.reporters.JUnitReportReporter -->
<testsuite hostname="Vandanas-MacBook-Air.local" failures="0" tests="1" name="dynamics.SumValidation" time="2.029" errors="0" timestamp="2020-04-30T16:05:51 IST" skipped="0">
  <testcase classname="dynamics.SumValidation" name="sumOfCourses" time="2.029"/>
</testsuite> <!-- dynamics.SumValidation -->
